# JRE version: Java(TM) SE Runtime Environment (17.0.9+11) (build 17.0.9+11-LTS-201)
# Java VM: Java HotSpot(TM) 64-Bit Server VM (17.0.9+11-LTS-201, mixed mode, sharing, tiered, compressed oops, compressed class ptrs, g1 gc, windows-amd64)
GC Precious Log:
 CPUs: 12 total, 12 available
 Memory: 16225M
 Large Page Support: Disabled
 NUMA Support: Disabled
 Compressed Oops: Enabled (Zero based)
 Heap Region Size: 2M
 Heap Min Capacity: 8M
 Heap Initial Capacity: 254M
 Heap Max Capacity: 4058M
 Pre-touch: Disabled
 Parallel Workers: 10
 Concurrent Workers: 3
 Concurrent Refinement Workers: 10
 Periodic GC: Disabled
Heap:
 garbage-first heap   total 102400K, used 69958K [0x0000000702600000, 0x0000000800000000)
  region size 2048K, 19 young (38912K), 1 survivors (2048K)
 Metaspace       used 51234K, committed 51840K, reserved 1114112K
  class space    used 6109K, committed 6400K, reserved 1048576K
GC Heap History (20 events):
Event: 6579.601 GC heap before
{Heap before GC invocations=670 (full 0):
 garbage-first heap   total 102400K, used 86291K [0x0000000702600000, 0x0000000800000000)
  region size 2048K, 26 young (53248K), 1 survivors (2048K)
 Metaspace       used 50951K, committed 51520K, reserved 1114112K
  class space    used 6065K, committed 6336K, reserved 1048576K
}
Event: 6579.602 GC heap after
{Heap after GC invocations=671 (full 0):
 garbage-first heap   total 102400K, used 35142K [0x0000000702600000, 0x0000000800000000)
  region size 2048K, 1 young (2048K), 1 survivors (2048K)
 Metaspace       used 50951K, committed 51520K, reserved 1114112K
  class space    used 6065K, committed 6336K, reserved 1048576K
}
Event: 6580.075 GC heap before
{Heap before GC invocations=671 (full 0):
 garbage-first heap   total 102400K, used 86342K [0x0000000702600000, 0x0000000800000000)
  region size 2048K, 26 young (53248K), 1 survivors (2048K)
 Metaspace       used 50951K, committed 51520K, reserved 1114112K
  class space    used 6065K, committed 6336K, reserved 1048576K
}
Event: 6580.076 GC heap after
{Heap after GC invocations=672 (full 0):
 garbage-first heap   total 102400K, used 35145K [0x0000000702600000, 0x0000000800000000)
  region size 2048K, 1 young (2048K), 1 survivors (2048K)
 Metaspace       used 50951K, committed 51520K, reserved 1114112K
  class space    used 6065K, committed 6336K, reserved 1048576K
}
Event: 6580.522 GC heap before
{Heap before GC invocations=672 (full 0):
 garbage-first heap   total 102400K, used 86345K [0x0000000702600000, 0x0000000800000000)
  region size 2048K, 26 young (53248K), 1 survivors (2048K)
 Metaspace       used 50951K, committed 51520K, reserved 1114112K
  class space    used 6065K, committed 6336K, reserved 1048576K
}
Event: 6580.523 GC heap after
{Heap after GC invocations=673 (full 0):
 garbage-first heap   total 102400K, used 35170K [0x0000000702600000, 0x0000000800000000)
  region size 2048K, 1 young (2048K), 1 survivors (2048K)
 Metaspace       used 50951K, committed 51520K, reserved 1114112K
  class space    used 6065K, committed 6336K, reserved 1048576K
}
Event: 6581.029 GC heap before
{Heap before GC invocations=673 (full 0):
 garbage-first heap   total 102400K, used 86370K [0x0000000702600000, 0x0000000800000000)
  region size 2048K, 26 young (53248K), 1 survivors (2048K)
 Metaspace       used 50951K, committed 51520K, reserved 1114112K
  class space    used 6065K, committed 6336K, reserved 1048576K
}
Event: 6581.029 GC heap after
{Heap after GC invocations=674 (full 0):
 garbage-first heap   total 102400K, used 35092K [0x0000000702600000, 0x0000000800000000)
  region size 2048K, 1 young (2048K), 1 survivors (2048K)
 Metaspace       used 50951K, committed 51520K, reserved 1114112K
  class space    used 6065K, committed 6336K, reserved 1048576K
}
Event: 6581.380 GC heap before
{Heap before GC invocations=674 (full 0):
 garbage-first heap   total 102400K, used 86292K [0x0000000702600000, 0x0000000800000000)
  region size 2048K, 26 young (53248K), 1 survivors (2048K)
 Metaspace       used 50951K, committed 51520K, reserved 1114112K
  class space    used 6065K, committed 6336K, reserved 1048576K
}
Event: 6581.380 GC heap after
{Heap after GC invocations=675 (full 0):
 garbage-first heap   total 102400K, used 35151K [0x0000000702600000, 0x0000000800000000)
  region size 2048K, 1 young (2048K), 1 survivors (2048K)
 Metaspace       used 50951K, committed 51520K, reserved 1114112K
  class space    used 6065K, committed 6336K, reserved 1048576K
}
Event: 6581.959 GC heap before
{Heap before GC invocations=675 (full 0):
 garbage-first heap   total 102400K, used 86351K [0x0000000702600000, 0x0000000800000000)
  region size 2048K, 26 young (53248K), 1 survivors (2048K)
 Metaspace       used 50951K, committed 51520K, reserved 1114112K
  class space    used 6065K, committed 6336K, reserved 1048576K
}
Event: 6581.959 GC heap after
{Heap after GC invocations=676 (full 0):
 garbage-first heap   total 102400K, used 35102K [0x0000000702600000, 0x0000000800000000)
  region size 2048K, 1 young (2048K), 1 survivors (2048K)
 Metaspace       used 50951K, committed 51520K, reserved 1114112K
  class space    used 6065K, committed 6336K, reserved 1048576K
}
Event: 6582.376 GC heap before
{Heap before GC invocations=676 (full 0):
 garbage-first heap   total 102400K, used 86302K [0x0000000702600000, 0x0000000800000000)
  region size 2048K, 26 young (53248K), 1 survivors (2048K)
 Metaspace       used 50951K, committed 51520K, reserved 1114112K
  class space    used 6065K, committed 6336K, reserved 1048576K
}
Event: 6582.377 GC heap after
{Heap after GC invocations=677 (full 0):
 garbage-first heap   total 102400K, used 35165K [0x0000000702600000, 0x0000000800000000)
  region size 2048K, 1 young (2048K), 1 survivors (2048K)
 Metaspace       used 50951K, committed 51520K, reserved 1114112K
  class space    used 6065K, committed 6336K, reserved 1048576K
}
Event: 6582.741 GC heap before
{Heap before GC invocations=677 (full 0):
 garbage-first heap   total 102400K, used 86365K [0x0000000702600000, 0x0000000800000000)
  region size 2048K, 26 young (53248K), 1 survivors (2048K)
 Metaspace       used 50951K, committed 51520K, reserved 1114112K
  class space    used 6065K, committed 6336K, reserved 1048576K
}
Event: 6582.742 GC heap after
{Heap after GC invocations=678 (full 0):
 garbage-first heap   total 102400K, used 35102K [0x0000000702600000, 0x0000000800000000)
  region size 2048K, 1 young (2048K), 1 survivors (2048K)
 Metaspace       used 50951K, committed 51520K, reserved 1114112K
  class space    used 6065K, committed 6336K, reserved 1048576K
}
Event: 6583.174 GC heap before
{Heap before GC invocations=678 (full 0):
 garbage-first heap   total 102400K, used 86302K [0x0000000702600000, 0x0000000800000000)
  region size 2048K, 26 young (53248K), 1 survivors (2048K)
 Metaspace       used 50951K, committed 51520K, reserved 1114112K
  class space    used 6065K, committed 6336K, reserved 1048576K
}
Event: 6583.175 GC heap after
{Heap after GC invocations=679 (full 0):
 garbage-first heap   total 102400K, used 35129K [0x0000000702600000, 0x0000000800000000)
  region size 2048K, 1 young (2048K), 1 survivors (2048K)
 Metaspace       used 50951K, committed 51520K, reserved 1114112K
  class space    used 6065K, committed 6336K, reserved 1048576K
}
Event: 6583.715 GC heap before
{Heap before GC invocations=679 (full 0):
 garbage-first heap   total 102400K, used 86329K [0x0000000702600000, 0x0000000800000000)
  region size 2048K, 26 young (53248K), 1 survivors (2048K)
 Metaspace       used 50951K, committed 51520K, reserved 1114112K
  class space    used 6065K, committed 6336K, reserved 1048576K
}
Event: 6583.715 GC heap after
{Heap after GC invocations=680 (full 0):
 garbage-first heap   total 102400K, used 35142K [0x0000000702600000, 0x0000000800000000)
  region size 2048K, 1 young (2048K), 1 survivors (2048K)
 Metaspace       used 50951K, committed 51520K, reserved 1114112K
  class space    used 6065K, committed 6336K, reserved 1048576K
}

